<?xml version="1.0" encoding="UTF-8" ?>
<testsuite errors="0" failures="0" hostname="Misaka-PC" name="com.work.RestfulLectureServiceTest" skipped="0" tests="2" time="0.011" timestamp="2018-05-08T04:04:29">
  <properties>
    <property name="java.vendor" value="Oracle Corporation" />
    <property name="lib.dir" value="C:\Users\Misaka\Desktop\jenkins\ant-test-src\curvc-antpro-281a5a2c826b\curvc-antpro-281a5a2c826b\lib" />
    <property name="sun.java.launcher" value="SUN_STANDARD" />
    <property name="sun.management.compiler" value="HotSpot 64-Bit Tiered Compilers" />
    <property name="build.prod.dir" value="C:\Users\Misaka\Desktop\jenkins\ant-test-src\curvc-antpro-281a5a2c826b\curvc-antpro-281a5a2c826b\bin\prod" />
    <property name="os.name" value="Windows 7" />
    <property name="sun.boot.class.path" value="C:\Program Files\Java\jdk1.8.0_144\jre\lib\resources.jar;C:\Program Files\Java\jdk1.8.0_144\jre\lib\rt.jar;C:\Program Files\Java\jdk1.8.0_144\jre\lib\sunrsasign.jar;C:\Program Files\Java\jdk1.8.0_144\jre\lib\jsse.jar;C:\Program Files\Java\jdk1.8.0_144\jre\lib\jce.jar;C:\Program Files\Java\jdk1.8.0_144\jre\lib\charsets.jar;C:\Program Files\Java\jdk1.8.0_144\jre\lib\jfr.jar;C:\Program Files\Java\jdk1.8.0_144\jre\classes" />
    <property name="sun.desktop" value="windows" />
    <property name="java.vm.specification.vendor" value="Oracle Corporation" />
    <property name="ant.home" value="D:\workplace\PlayGround\ant-exam\apache-ant-1.9.2-bin\apache-ant-1.9.2" />
    <property name="java.runtime.version" value="1.8.0_144-b01" />
    <property name="user.name" value="Misaka" />
    <property name="build.dir" value="C:\Users\Misaka\Desktop\jenkins\ant-test-src\curvc-antpro-281a5a2c826b\curvc-antpro-281a5a2c826b\bin" />
    <property name="user.language" value="ko" />
    <property name="sun.boot.library.path" value="C:\Program Files\Java\jdk1.8.0_144\jre\bin" />
    <property name="ant.project.default-target" value="compile" />
    <property name="ant.project.name" value="LectureService" />
    <property name="java.version" value="1.8.0_144" />
    <property name="user.timezone" value="" />
    <property name="sun.arch.data.model" value="64" />
    <property name="java.endorsed.dirs" value="C:\Program Files\Java\jdk1.8.0_144\jre\lib\endorsed" />
    <property name="sun.cpu.isalist" value="amd64" />
    <property name="sun.jnu.encoding" value="MS949" />
    <property name="file.encoding.pkg" value="sun.io" />
    <property name="file.separator" value="\" />
    <property name="java.specification.name" value="Java Platform API Specification" />
    <property name="java.class.version" value="52.0" />
    <property name="user.country" value="KR" />
    <property name="java.home" value="C:\Program Files\Java\jdk1.8.0_144\jre" />
    <property name="java.vm.info" value="mixed mode" />
    <property name="ant.file" value="C:\Users\Misaka\Desktop\jenkins\ant-test-src\curvc-antpro-281a5a2c826b\curvc-antpro-281a5a2c826b\build.xml" />
    <property name="os.version" value="6.1" />
    <property name="test.reports" value="C:\Users\Misaka\Desktop\jenkins\ant-test-src\curvc-antpro-281a5a2c826b\curvc-antpro-281a5a2c826b\testReports" />
    <property name="path.separator" value=";" />
    <property name="java.vm.version" value="25.144-b01" />
    <property name="user.variant" value="" />
    <property name="ant.library.dir" value="D:\workplace\PlayGround\ant-exam\apache-ant-1.9.2-bin\apache-ant-1.9.2\lib" />
    <property name="java.awt.printerjob" value="sun.awt.windows.WPrinterJob" />
    <property name="sun.io.unicode.encoding" value="UnicodeLittle" />
    <property name="awt.toolkit" value="sun.awt.windows.WToolkit" />
    <property name="sun.stdout.encoding" value="ms949" />
    <property name="user.script" value="" />
    <property name="user.home" value="C:\Users\Misaka" />
    <property name="java.specification.vendor" value="Oracle Corporation" />
    <property name="test.dir" value="C:\Users\Misaka\Desktop\jenkins\ant-test-src\curvc-antpro-281a5a2c826b\curvc-antpro-281a5a2c826b\test" />
    <property name="java.library.path" value="C:\Program Files\Java\jdk1.8.0_144\bin;C:\Windows\Sun\Java\bin;C:\Windows\system32;C:\Windows;C:\ProgramData\Oracle\Java\javapath;C:\oraclexe\app\oracle\product\11.2.0\server\bin;C:\Windows\system32;C:\Windows;C:\Windows\System32\Wbem;C:\Windows\System32\WindowsPowerShell\v1.0\;C:\Program Files\Intel\WiFi\bin\;C:\Program Files\Common Files\Intel\WirelessCommon\;C:\Program Files\Java\jdk1.8.0_144\bin;C:\Program Files\TortoiseSVN\bin;C:\Program Files\nodejs\;D:\Python;D:\Python\Scripts;D:\utils\curl-7.56.1-win64-mingw\bin;D:\utils\apache-maven-3.5.0-bin\apache-maven-3.5.0\bin;D:\utils\bat;D:\utils\bracket\command;D:\IDE\ideaIU-2017.3.win\bin;C:\Program Files\Git\cmd;C:\Users\Misaka\AppData\Roaming\npm;D:\utils\bandi\;D:\utils\Fiddler;D:\workplace\PlayGround\ant-exam\apache-ant-1.9.2-bin\apache-ant-1.9.2\bin;." />
    <property name="java.vendor.url" value="http://java.oracle.com/" />
    <property name="java.vm.vendor" value="Oracle Corporation" />
    <property name="java.runtime.name" value="Java(TM) SE Runtime Environment" />
    <property name="sun.java.command" value="org.apache.tools.ant.launch.Launcher test" />
    <property name="java.class.path" value="D:\workplace\PlayGround\ant-exam\apache-ant-1.9.2-bin\apache-ant-1.9.2\lib\ant-launcher.jar;D:\workplace\PlayGround\ant-exam\apache-ant-1.9.2-bin\apache-ant-1.9.2\lib\ant-antlr.jar;D:\workplace\PlayGround\ant-exam\apache-ant-1.9.2-bin\apache-ant-1.9.2\lib\ant-apache-bcel.jar;D:\workplace\PlayGround\ant-exam\apache-ant-1.9.2-bin\apache-ant-1.9.2\lib\ant-apache-bsf.jar;D:\workplace\PlayGround\ant-exam\apache-ant-1.9.2-bin\apache-ant-1.9.2\lib\ant-apache-log4j.jar;D:\workplace\PlayGround\ant-exam\apache-ant-1.9.2-bin\apache-ant-1.9.2\lib\ant-apache-oro.jar;D:\workplace\PlayGround\ant-exam\apache-ant-1.9.2-bin\apache-ant-1.9.2\lib\ant-apache-regexp.jar;D:\workplace\PlayGround\ant-exam\apache-ant-1.9.2-bin\apache-ant-1.9.2\lib\ant-apache-resolver.jar;D:\workplace\PlayGround\ant-exam\apache-ant-1.9.2-bin\apache-ant-1.9.2\lib\ant-apache-xalan2.jar;D:\workplace\PlayGround\ant-exam\apache-ant-1.9.2-bin\apache-ant-1.9.2\lib\ant-commons-logging.jar;D:\workplace\PlayGround\ant-exam\apache-ant-1.9.2-bin\apache-ant-1.9.2\lib\ant-commons-net.jar;D:\workplace\PlayGround\ant-exam\apache-ant-1.9.2-bin\apache-ant-1.9.2\lib\ant-jai.jar;D:\workplace\PlayGround\ant-exam\apache-ant-1.9.2-bin\apache-ant-1.9.2\lib\ant-javamail.jar;D:\workplace\PlayGround\ant-exam\apache-ant-1.9.2-bin\apache-ant-1.9.2\lib\ant-jdepend.jar;D:\workplace\PlayGround\ant-exam\apache-ant-1.9.2-bin\apache-ant-1.9.2\lib\ant-jmf.jar;D:\workplace\PlayGround\ant-exam\apache-ant-1.9.2-bin\apache-ant-1.9.2\lib\ant-jsch.jar;D:\workplace\PlayGround\ant-exam\apache-ant-1.9.2-bin\apache-ant-1.9.2\lib\ant-junit.jar;D:\workplace\PlayGround\ant-exam\apache-ant-1.9.2-bin\apache-ant-1.9.2\lib\ant-junit4.jar;D:\workplace\PlayGround\ant-exam\apache-ant-1.9.2-bin\apache-ant-1.9.2\lib\ant-launcher.jar;D:\workplace\PlayGround\ant-exam\apache-ant-1.9.2-bin\apache-ant-1.9.2\lib\ant-netrexx.jar;D:\workplace\PlayGround\ant-exam\apache-ant-1.9.2-bin\apache-ant-1.9.2\lib\ant-swing.jar;D:\workplace\PlayGround\ant-exam\apache-ant-1.9.2-bin\apache-ant-1.9.2\lib\ant-testutil.jar;D:\workplace\PlayGround\ant-exam\apache-ant-1.9.2-bin\apache-ant-1.9.2\lib\ant.jar;C:\Program Files\Java\jdk1.8.0_144\lib\tools.jar" />
    <property name="ant.version" value="Apache Ant(TM) version 1.9.2 compiled on July 8 2013" />
    <property name="java.vm.specification.name" value="Java Virtual Machine Specification" />
    <property name="ant.file.type" value="file" />
    <property name="java.vm.specification.version" value="1.8" />
    <property name="sun.cpu.endian" value="little" />
    <property name="sun.os.patch.level" value="Service Pack 1" />
    <property name="java.io.tmpdir" value="C:\Users\Misaka\AppData\Local\Temp\" />
    <property name="java.vendor.url.bug" value="http://bugreport.sun.com/bugreport/" />
    <property name="os.arch" value="amd64" />
    <property name="java.awt.graphicsenv" value="sun.awt.Win32GraphicsEnvironment" />
    <property name="java.ext.dirs" value="C:\Program Files\Java\jdk1.8.0_144\jre\lib\ext;C:\Windows\Sun\Java\lib\ext" />
    <property name="ant.file.LectureService" value="C:\Users\Misaka\Desktop\jenkins\ant-test-src\curvc-antpro-281a5a2c826b\curvc-antpro-281a5a2c826b\build.xml" />
    <property name="user.dir" value="C:\Users\Misaka\Desktop\jenkins\ant-test-src\curvc-antpro-281a5a2c826b\curvc-antpro-281a5a2c826b" />
    <property name="build.test.dir" value="C:\Users\Misaka\Desktop\jenkins\ant-test-src\curvc-antpro-281a5a2c826b\curvc-antpro-281a5a2c826b\bin\test" />
    <property name="line.separator" value="&#xd;&#xa;" />
    <property name="java.vm.name" value="Java HotSpot(TM) 64-Bit Server VM" />
    <property name="basedir" value="C:\Users\Misaka\Desktop\jenkins\ant-test-src\curvc-antpro-281a5a2c826b\curvc-antpro-281a5a2c826b" />
    <property name="ant.java.version" value="1.8" />
    <property name="ant.core.lib" value="D:\workplace\PlayGround\ant-exam\apache-ant-1.9.2-bin\apache-ant-1.9.2\lib\ant.jar" />
    <property name="file.encoding" value="MS949" />
    <property name="sun.stderr.encoding" value="ms949" />
    <property name="java.specification.version" value="1.8" />
    <property name="src.dir" value="C:\Users\Misaka\Desktop\jenkins\ant-test-src\curvc-antpro-281a5a2c826b\curvc-antpro-281a5a2c826b\src" />
    <property name="ant.file.type.LectureService" value="file" />
    <property name="ant.project.invoked-targets" value="test" />
  </properties>
  <testcase classname="com.work.RestfulLectureServiceTest" name="selectLecture" time="0.001" />
  <testcase classname="com.work.RestfulLectureServiceTest" name="insertLecture" time="0.002" />
  <system-out><![CDATA[Restful insert method
]]></system-out>
  <system-err><![CDATA[]]></system-err>
</testsuite>
